0.030959752322
0.030959752322
0.0492610837438
0.0534759358289
0.059880239521
0.0724637681159
0.0787401574803
0.0980392156863
0.0492610837438
0.0534759358289
0.0431034482759
0.04
0.0353356890459
0.0319488817891
0.0295857988166
0.0265957446809
0.0546448087432
0.0534759358289
0.0492610837438
0.0534759358289
0.0487804878049
0.0534759358289
0.0469483568075
0.0534759358289
0.0393700787402
0.0416666666667
0.0492610837438
0.0534759358289
0.0515463917526
0.0591715976331
0.0613496932515
0.0625
0.0314465408805
0.0314465408805
0.049504950495
0.0540540540541
0.0609756097561
0.0729927007299
0.0813008130081
0.0980392156863
0.049504950495
0.0540540540541
0.0408163265306
0.0406504065041
0.0334448160535
0.0325732899023
0.02849002849
0.0271739130435
0.0555555555556
0.0540540540541
0.049504950495
0.0540540540541
0.0471698113208
0.0540540540541
0.0418410041841
0.0540540540541
0.0393700787402
0.0409836065574
0.0502512562814
0.0529100529101
0.0534759358289
0.0584795321637
0.062893081761
0.0617283950617
0.0308641975309
0.0308641975309
0.0502512562814
0.0529100529101
0.0574712643678
0.0709219858156
0.0757575757576
0.0980392156863
0.0502512562814
0.0529100529101
0.0418410041841
0.0396825396825
0.0340136054422
0.031746031746
0.0286532951289
0.026455026455
0.0546448087432
0.0529100529101
0.0571428571429
0.0540540540541
0.0561797752809
0.0540540540541
0.0520833333333
0.0540540540541
0.04
0.0420168067227
0.0571428571429
0.0540540540541
0.0595238095238
0.059880239521
0.0561797752809
0.0625
0.0313479623824
0.0313479623824
0.0571428571429
0.0540540540541
0.0602409638554
0.0724637681159
0.0787401574803
0.0980392156863
0.0571428571429
0.0540540540541
0.0403225806452
0.0406504065041
0.0354609929078
0.0319488817891
0.0294985250737
0.0265957446809
0.0578034682081
0.0534759358289
0.0537634408602
0.0534759358289
0.0480769230769
0.0534759358289
0.04329004329
0.0534759358289
0.0396825396825
0.0416666666667
0.0537634408602
0.0534759358289
0.0564971751412
0.0591715976331
0.0561797752809
0.0625
0.0310559006211
0.0310559006211
0.0537634408602
0.0534759358289
0.0602409638554
0.0724637681159
0.0751879699248
0.0961538461538
0.0520833333333
0.0540540540541
0.0411522633745
0.0406504065041
0.03367003367
0.0325732899023
0.0293255131965
0.0271739130435
0.0578034682081
0.0540540540541
0.0520833333333
0.0540540540541
0.048309178744
0.0540540540541
0.045045045045
0.0540540540541
0.0398406374502
0.0416666666667
0.0520833333333
0.0540540540541
0.0555555555556
0.059880239521
0.059880239521
0.0625
0.03125
0.03125
0.0574712643678
0.0534759358289
0.059880239521
0.0714285714286
0.0787401574803
0.0980392156863
0.0574712643678
0.0534759358289
0.0446428571429
0.0401606425703
0.0358422939068
0.032154340836
0.0299401197605
0.0268096514745
0.0578034682081
0.0534759358289
0.0574712643678
0.0534759358289
0.0497512437811
0.0534759358289
0.0485436893204
0.0534759358289
0.0390625
0.0413223140496
0.0574712643678
0.0534759358289
0.0512820512821
0.0584795321637
0.0540540540541
0.0617283950617
0.030959752322
0.030959752322
0.0558659217877
0.0534759358289
0.0613496932515
0.0714285714286
0.0763358778626
0.0980392156863
0.0558659217877
0.0534759358289
0.0423728813559
0.0401606425703
0.0350877192982
0.032154340836
0.0287356321839
0.0268096514745
0.0564971751412
0.0534759358289
0.0558659217877
0.0534759358289
0.0526315789474
0.0534759358289
0.05
0.0534759358289
0.0396825396825
0.0416666666667
0.0531914893617
0.0534759358289
0.0526315789474
0.059880239521
0.0645161290323
0.0632911392405
0.0310559006211
0.0310559006211
0.0531914893617
0.0534759358289
0.0574712643678
0.0714285714286
0.0806451612903
0.0980392156863
0.0531914893617
0.0534759358289
0.0413223140496
0.04
0.0337837837838
0.0319488817891
0.0287356321839
0.0265957446809
0.0578034682081
0.0534759358289
0.0526315789474
0.0529100529101
0.0452488687783
0.0529100529101
0.0434782608696
0.0529100529101
0.0387596899225
0.0409836065574
0.0526315789474
0.0529100529101
0.0613496932515
0.0584795321637
0.0584795321637
0.0609756097561
0.0307692307692
0.0307692307692
0.0526315789474
0.0529100529101
0.0609756097561
0.0704225352113
0.0735294117647
0.0980392156863
0.0526315789474
0.0529100529101
0.0411522633745
0.0396825396825
0.0338983050847
0.031746031746
0.0296735905045
0.0274725274725
0.0564971751412
0.054347826087
0.0520833333333
0.054347826087
0.048309178744
0.054347826087
0.045045045045
0.054347826087
0.0393700787402
0.0416666666667
0.0520833333333
0.054347826087
0.0540540540541
0.0591715976331
0.0649350649351
0.0632911392405
0.0311526479751
0.0311526479751
0.0520833333333
0.054347826087
0.0617283950617
0.0719424460432
0.0787401574803
0.0990099009901
0.0520833333333
0.0534759358289
0.0423728813559
0.04
0.0344827586207
0.0319488817891
0.0290697674419
0.0265957446809
0.0578034682081
0.0534759358289
0.0510204081633
0.0534759358289
0.0467289719626
0.0534759358289
0.0452488687783
0.0534759358289
0.0409836065574
0.0413223140496
0.0510204081633
0.0534759358289
0.0561797752809
0.0588235294118
0.0621118012422
0.0625
