227.5
227.5
127.8
108.1
103.9
66.0
73.4
46.6
127.8
108.1
156.4
153.0
198.7
197.9
242.4
242.8
116.9
108.1
127.8
108.1
132.2
108.1
136.6
108.1
171.8
147.9
127.8
108.1
126.9
94.3
96.7
85.0
225.7
225.7
133.0
107.6
99.2
64.5
70.3
46.9
133.0
107.6
167.3
151.8
212.8
196.0
255.3
240.2
117.2
107.6
133.0
107.6
144.6
107.6
166.7
107.6
171.7
148.1
125.1
107.6
120.1
96.7
95.8
86.6
226.0
226.0
125.1
107.6
106.4
64.8
73.6
47.1
125.1
107.6
157.9
152.0
200.8
196.4
243.7
240.8
115.7
107.6
109.9
107.6
112.3
107.6
120.4
107.6
170.6
147.3
109.9
107.6
104.5
93.6
108.8
85.8
228.3
228.3
109.9
107.6
106.0
65.7
75.4
46.6
109.9
107.6
165.2
152.0
195.9
196.6
239.5
241.5
109.2
107.1
116.0
107.1
131.3
107.1
145.9
107.1
172.4
147.5
116.0
107.1
115.0
93.4
101.4
83.7
226.5
226.5
116.0
107.1
102.4
64.6
77.2
46.2
121.8
105.8
166.5
149.8
208.2
193.8
243.2
237.8
109.6
105.8
121.8
105.8
131.9
105.8
142.0
105.8
171.1
147.5
121.8
105.8
116.2
90.3
96.4
81.8
223.7
223.7
108.4
107.1
105.9
65.0
74.6
46.9
108.4
107.1
149.0
151.6
192.0
196.1
236.0
240.6
107.7
107.1
108.4
107.1
123.0
107.1
128.0
107.1
171.2
147.7
108.4
107.1
121.9
93.8
111.8
84.8
227.8
227.8
110.1
107.8
103.0
65.5
74.3
46.9
110.1
107.8
153.8
152.4
196.5
197.0
241.0
241.6
108.2
107.8
110.1
107.8
117.0
107.8
123.8
107.8
170.6
147.9
117.8
107.2
123.4
94.5
93.8
86.1
226.5
226.5
117.8
107.2
106.5
65.0
72.8
45.9
117.8
107.2
161.3
152.2
204.8
197.2
248.1
242.2
108.4
107.2
119.5
107.9
138.0
107.9
143.5
107.9
171.6
148.3
119.5
107.9
100.4
95.9
100.1
86.4
227.9
227.9
119.5
107.9
100.9
65.8
76.4
47.1
119.5
107.9
162.2
152.7
204.9
197.5
244.3
240.8
116.6
107.6
129.6
107.6
142.6
107.6
155.6
107.6
170.8
147.5
129.6
107.6
120.2
94.5
96.2
86.5
229.6
229.6
129.6
107.6
103.8
66.2
75.1
46.8
129.6
108.2
155.0
152.8
198.3
197.4
242.2
242.0
110.5
108.2
124.0
108.2
137.9
108.2
143.3
108.2
164.9
147.9
124.0
108.2
107.7
93.1
99.3
87.1
