This is pdfTeX, Version 3.1415926-1.40.10 (TeX Live 2009/Debian) (format=pdflatex 2012.7.16)  26 MAY 2014 14:53
entering extended mode
 %&-line parsing enabled.
**Trnstr.tex
(./Trnstr.tex
LaTeX2e <2009/09/24>
Babel <v3.8l> and hyphenation patterns for english, usenglishmax, dumylang, noh
yphenation, spanish, galician, catalan, loaded.
(/usr/share/texmf-texlive/tex/latex/base/article.cls
Document Class: article 2007/10/19 v1.4h Standard LaTeX document class
(/usr/share/texmf-texlive/tex/latex/base/size10.clo
File: size10.clo 2007/10/19 v1.4h Standard LaTeX file (size option)
)
\c@part=\count79
\c@section=\count80
\c@subsection=\count81
\c@subsubsection=\count82
\c@paragraph=\count83
\c@subparagraph=\count84
\c@figure=\count85
\c@table=\count86
\abovecaptionskip=\skip41
\belowcaptionskip=\skip42
\bibindent=\dimen102
)
(/usr/share/texmf-texlive/tex/latex/geometry/geometry.sty
Package: geometry 2008/12/21 v4.2 Page Geometry

(/usr/share/texmf-texlive/tex/latex/graphics/keyval.sty
Package: keyval 1999/03/16 v1.13 key=value parser (DPC)
\KV@toks@=\toks14
)
(/usr/share/texmf-texlive/tex/generic/oberdiek/ifpdf.sty
Package: ifpdf 2009/04/10 v2.0 Provides the ifpdf switch (HO)
Package ifpdf Info: pdfTeX in pdf mode detected.
)
(/usr/share/texmf-texlive/tex/generic/oberdiek/ifvtex.sty
Package: ifvtex 2008/11/04 v1.4 Switches for detecting VTeX and its modes (HO)
Package ifvtex Info: VTeX not detected.
)
\Gm@cnth=\count87
\Gm@cntv=\count88
\c@Gm@tempcnt=\count89
\Gm@bindingoffset=\dimen103
\Gm@wd@mp=\dimen104
\Gm@odd@mp=\dimen105
\Gm@even@mp=\dimen106
\Gm@dimlist=\toks15

(/usr/share/texmf-texlive/tex/xelatex/xetexconfig/geometry.cfg))
(/usr/share/texmf-texlive/tex/latex/base/inputenc.sty
Package: inputenc 2008/03/30 v1.1d Input encoding file
\inpenc@prehook=\toks16
\inpenc@posthook=\toks17

(/usr/share/texmf-texlive/tex/latex/base/latin1.def
File: latin1.def 2008/03/30 v1.1d Input encoding file
))
(/usr/share/texmf-texlive/tex/latex/base/fontenc.sty
Package: fontenc 2005/09/27 v1.99g Standard LaTeX package

(/usr/share/texmf-texlive/tex/latex/base/t1enc.def
File: t1enc.def 2005/09/27 v1.99g Standard LaTeX file
LaTeX Font Info:    Redeclaring font encoding T1 on input line 43.
))
(/usr/share/texmf-texlive/tex/generic/babel/babel.sty
Package: babel 2008/07/06 v3.8l The Babel package

(/usr/share/texmf-texlive/tex/generic/babel/spanish.ldf
Language: spanish.ldf 2009/01/02 v5.0h Spanish support from the babel system

(/usr/share/texmf-texlive/tex/generic/babel/babel.def
File: babel.def 2008/07/06 v3.8l Babel common definitions
\babel@savecnt=\count90
\U@D=\dimen107
)
\es@datefmt=\count91
\es@quottoks=\toks18
\es@quotdepth=\count92
Package babel Info: Making " an active character on input line 492.
Package babel Info: Making . an active character on input line 585.
Package babel Info: Making < an active character on input line 630.
Package babel Info: Making > an active character on input line 630.
))
(/usr/share/texmf-texlive/tex/latex/tools/indentfirst.sty
Package: indentfirst 1995/11/23 v1.03 Indent first paragraph (DPC)
)
(/usr/share/texmf-texlive/tex/latex/fancyhdr/fancyhdr.sty
\fancy@headwidth=\skip43
\f@ncyO@elh=\skip44
\f@ncyO@erh=\skip45
\f@ncyO@olh=\skip46
\f@ncyO@orh=\skip47
\f@ncyO@elf=\skip48
\f@ncyO@erf=\skip49
\f@ncyO@olf=\skip50
\f@ncyO@orf=\skip51
)
(/usr/share/texmf-texlive/tex/latex/base/latexsym.sty
Package: latexsym 1998/08/17 v2.2e Standard LaTeX package (lasy symbols)
\symlasy=\mathgroup4
LaTeX Font Info:    Overwriting symbol font `lasy' in version `bold'
(Font)                  U/lasy/m/n --> U/lasy/b/n on input line 47.
)
(/usr/share/texmf-texlive/tex/latex/lastpage/lastpage.sty
Package: lastpage 1994/06/25 v0.1b LaTeX2e package for refs to last page number
 (JPG)
)
(/home/jminces/texmf/tex/latex/aed2-symb/aed2-symb.sty
Package: aed2-symb 2004/04/17 - Para componer simbolitos frecuentemente usados 
en AED2

Cargando package 'aed2-symb'
(/usr/share/texmf-texlive/tex/latex/amsmath/amsmath.sty
Package: amsmath 2000/07/18 v2.13 AMS math features
\@mathmargin=\skip52

For additional information on amsmath, use the `?' option.
(/usr/share/texmf-texlive/tex/latex/amsmath/amstext.sty
Package: amstext 2000/06/29 v2.01

(/usr/share/texmf-texlive/tex/latex/amsmath/amsgen.sty
File: amsgen.sty 1999/11/30 v2.0
\@emptytoks=\toks19
\ex@=\dimen108
))
(/usr/share/texmf-texlive/tex/latex/amsmath/amsbsy.sty
Package: amsbsy 1999/11/29 v1.2d
\pmbraise@=\dimen109
)
(/usr/share/texmf-texlive/tex/latex/amsmath/amsopn.sty
Package: amsopn 1999/12/14 v2.01 operator names
)
\inf@bad=\count93
LaTeX Info: Redefining \frac on input line 211.
\uproot@=\count94
\leftroot@=\count95
LaTeX Info: Redefining \overline on input line 307.
\classnum@=\count96
\DOTSCASE@=\count97
LaTeX Info: Redefining \ldots on input line 379.
LaTeX Info: Redefining \dots on input line 382.
LaTeX Info: Redefining \cdots on input line 467.
\Mathstrutbox@=\box26
\strutbox@=\box27
\big@size=\dimen110
LaTeX Font Info:    Redeclaring font encoding OML on input line 567.
LaTeX Font Info:    Redeclaring font encoding OMS on input line 568.
\macc@depth=\count98
\c@MaxMatrixCols=\count99
\dotsspace@=\muskip10
\c@parentequation=\count100
\dspbrk@lvl=\count101
\tag@help=\toks20
\row@=\count102
\column@=\count103
\maxfields@=\count104
\andhelp@=\toks21
\eqnshift@=\dimen111
\alignsep@=\dimen112
\tagshift@=\dimen113
\tagwidth@=\dimen114
\totwidth@=\dimen115
\lineht@=\dimen116
\@envbody=\toks22
\multlinegap=\skip53
\multlinetaggap=\skip54
\mathdisplay@stack=\toks23
LaTeX Info: Redefining \[ on input line 2666.
LaTeX Info: Redefining \] on input line 2667.
)
(/usr/share/texmf-texlive/tex/latex/amsfonts/amssymb.sty
Package: amssymb 2009/06/22 v3.00

(/usr/share/texmf-texlive/tex/latex/amsfonts/amsfonts.sty
Package: amsfonts 2009/06/22 v3.00 Basic AMSFonts support
\symAMSa=\mathgroup5
\symAMSb=\mathgroup6
LaTeX Font Info:    Overwriting math alphabet `\mathfrak' in version `bold'
(Font)                  U/euf/m/n --> U/euf/b/n on input line 96.
))
(/usr/share/texmf-texlive/tex/latex/tools/xspace.sty
Package: xspace 2006/05/08 v1.12 Space after command names (DPC,MH)
)
(/usr/share/texmf-texlive/tex/latex/xargs/xargs.sty
Package: xargs 2008/03/22 v1.1  extended macro definitions  (mpg)

(/usr/share/texmf-texlive/tex/latex/xkeyval/xkeyval.sty
Package: xkeyval 2008/08/13 v2.6a package option processing (HA)

(/usr/share/texmf-texlive/tex/generic/xkeyval/xkeyval.tex
\XKV@toks=\toks24
\XKV@tempa@toks=\toks25
\XKV@depth=\count105
File: xkeyval.tex 2008/08/13 v2.6a key=value parser (HA)
))
\xargs@max=\count106
\xargs@toksa=\toks26
\xargs@toksb=\toks27
))
(/home/jminces/texmf/tex/latex/aed2-itef/aed2-itef.sty
Package: aed2-itef 2010/03/16 - if-then-else-fi en lenguaje de TADs.

(/usr/share/texmf-texlive/tex/latex/base/ifthen.sty
Package: ifthen 2001/05/26 v1.1c Standard LaTeX ifthen package (DPC)
)
Cargando package 'itef' (2010/03/16)
\itefIndentacion=\skip55
\itef@widthUnaLinea=\skip56
\itef@linewidth=\skip57
) (/home/jminces/texmf/tex/latex/aed2-tad/aed2-tad.sty
Package: aed2-tad 2011/04/04 - Para especificar TADs en formato AED2

(/usr/share/texmf-texlive/tex/latex/tools/calc.sty
Package: calc 2007/08/22 v4.3 Infix arithmetic (KKT,FJ)
\calc@Acount=\count107
\calc@Bcount=\count108
\calc@Adimen=\dimen117
\calc@Bdimen=\dimen118
\calc@Askip=\skip58
\calc@Bskip=\skip59
LaTeX Info: Redefining \setlength on input line 76.
LaTeX Info: Redefining \addtolength on input line 77.
\calc@Ccount=\count109
\calc@Cskip=\skip60
)
(/home/jminces/texmf/tex/latex/aed2-tokenizer/aed2-tokenizer.sty
Package: aed2-tokenizer 2010/03/12
)
Package aed2-tad Info: Cargando package 'tad' (04/04/2011) on input line 26.
\tadMargen=\skip61
\tadSubMargen=\skip62
\tadAnchoEncabezados=\skip63
\tadSeparacionTitulos=\skip64
\tadSeparacionFunciones=\skip65
\tadAnchoNombreFunciones=\skip66
\tadAnchoTipoFunciones=\skip67
\tadSeparacionAxiomas=\skip68
\tadAnchoIzquierdaAxioma=\skip69
\tad@oldparindent=\skip70
\pbox@len=\skip71
\tad@ifFitsElse@largo=\skip72
\igualobs@pre=\skip73
\igualobs@max=\skip74
\igualobssimple@max=\skip75
\@Signatura=\box28
\tadOperacion@textwidth=\skip76
\tadAxioma@lenEquiv=\skip77
\tadAxioma@lenDerecha=\skip78
)
(/usr/share/texmf-texlive/tex/latex/hyperref/hyperref.sty
Package: hyperref 2009/10/09 v6.79a Hypertext links for LaTeX

(/usr/share/texmf-texlive/tex/generic/ifxetex/ifxetex.sty
Package: ifxetex 2009/01/23 v0.5 Provides ifxetex conditional
)
(/usr/share/texmf-texlive/tex/latex/oberdiek/hycolor.sty
Package: hycolor 2009/10/02 v1.5 Code for color options of hyperref/bookmark (H
O)

(/usr/share/texmf-texlive/tex/latex/oberdiek/xcolor-patch.sty
Package: xcolor-patch 2009/10/02 xcolor patch
))
\@linkdim=\dimen119
\Hy@linkcounter=\count110
\Hy@pagecounter=\count111

(/usr/share/texmf-texlive/tex/latex/hyperref/pd1enc.def
File: pd1enc.def 2009/10/09 v6.79a Hyperref: PDFDocEncoding definition (HO)
)
(/usr/share/texmf-texlive/tex/generic/oberdiek/etexcmds.sty
Package: etexcmds 2007/12/12 v1.2 Prefix for e-TeX command names (HO)

(/usr/share/texmf-texlive/tex/generic/oberdiek/infwarerr.sty
Package: infwarerr 2007/09/09 v1.2 Providing info/warning/message (HO)
)
Package etexcmds Info: Could not find \expanded.
(etexcmds)             That can mean that you are not using pdfTeX 1.50 or
(etexcmds)             that some package has redefined \expanded.
(etexcmds)             In the latter case, load this package earlier.
)
(/usr/share/texmf-texlive/tex/latex/latexconfig/hyperref.cfg
File: hyperref.cfg 2002/06/06 v1.2 hyperref configuration of TeXLive
)
(/usr/share/texmf-texlive/tex/latex/oberdiek/kvoptions.sty
Package: kvoptions 2009/08/13 v3.4 Keyval support for LaTeX options (HO)

(/usr/share/texmf-texlive/tex/generic/oberdiek/kvsetkeys.sty
Package: kvsetkeys 2009/07/30 v1.5 Key value parser with default handler suppor
t (HO)
))
Package hyperref Info: Option `colorlinks' set `true' on input line 2864.
Package hyperref Info: Hyper figures OFF on input line 2975.
Package hyperref Info: Link nesting OFF on input line 2980.
Package hyperref Info: Hyper index ON on input line 2983.
Package hyperref Info: Plain pages OFF on input line 2990.
Package hyperref Info: Backreferencing OFF on input line 2995.

Implicit mode ON; LaTeX internals redefined
Package hyperref Info: Bookmarks ON on input line 3191.
(/usr/share/texmf-texlive/tex/latex/ltxmisc/url.sty
\Urlmuskip=\muskip11
Package: url 2006/04/12  ver 3.3  Verb mode for urls, etc.
)
LaTeX Info: Redefining \url on input line 3428.

(/usr/share/texmf-texlive/tex/generic/oberdiek/bitset.sty
Package: bitset 2007/09/28 v1.0 Data type bit set (HO)

(/usr/share/texmf-texlive/tex/generic/oberdiek/intcalc.sty
Package: intcalc 2007/09/27 v1.1 Expandable integer calculations (HO)
)
(/usr/share/texmf-texlive/tex/generic/oberdiek/bigintcalc.sty
Package: bigintcalc 2007/11/11 v1.1 Expandable big integer calculations (HO)

(/usr/share/texmf-texlive/tex/generic/oberdiek/pdftexcmds.sty
Package: pdftexcmds 2009/09/23 v0.6 LuaTeX support for pdfTeX utility functions
 (HO)

(/usr/share/texmf-texlive/tex/generic/oberdiek/ifluatex.sty
Package: ifluatex 2009/04/17 v1.2 Provides the ifluatex switch (HO)
Package ifluatex Info: LuaTeX not detected.
)
(/usr/share/texmf-texlive/tex/generic/oberdiek/ltxcmds.sty
Package: ltxcmds 2009/08/05 v1.0 Some LaTeX kernel commands for general use (HO
)
)
Package pdftexcmds Info: LuaTeX not detected.
Package pdftexcmds Info: \pdf@primitive is available.
Package pdftexcmds Info: \pdf@ifprimitive is available.
)))
\Fld@menulength=\count112
\Field@Width=\dimen120
\Fld@charsize=\dimen121
\Field@toks=\toks28
Package hyperref Info: Hyper figures OFF on input line 4377.
Package hyperref Info: Link nesting OFF on input line 4382.
Package hyperref Info: Hyper index ON on input line 4385.
Package hyperref Info: backreferencing OFF on input line 4392.
Package hyperref Info: Link coloring ON on input line 4395.
Package hyperref Info: Link coloring with OCG OFF on input line 4402.
Package hyperref Info: PDF/A mode OFF on input line 4407.

(/usr/share/texmf-texlive/tex/generic/oberdiek/atbegshi.sty
Package: atbegshi 2008/07/31 v1.9 At begin shipout hook (HO)
)
\Hy@abspage=\count113
\c@Item=\count114
\c@Hfootnote=\count115
)
*hyperref using default driver hpdftex*
(/usr/share/texmf-texlive/tex/latex/hyperref/hpdftex.def
File: hpdftex.def 2009/10/09 v6.79a Hyperref driver for pdfTeX
\Fld@listcount=\count116
)
(/home/jminces/texmf/tex/latex/caratula/caratula.sty
Package: caratula 2003/4/13 v0.1 Para componer caratulas de TPs del DC

Cargando package 'caratula' v0.2 (21/4/2003)
\intlist=\toks29
)

! LaTeX Error: Unknown option `conEntregas' for package `caratula'.

See the LaTeX manual or LaTeX Companion for explanation.
Type  H <return>  for immediate help.
 ...                                              
                                                  
l.14 \usepackage
                {xspace}
? 
\IntFuncionLengthA=\skip79
\IntFuncionLengthB=\skip80
\IntFuncionLengthC=\skip81
\lenTupla=\skip82
No file Trnstr.aux.
\openout1 = `Trnstr.aux'.

LaTeX Font Info:    Checking defaults for OML/cmm/m/it on input line 130.
LaTeX Font Info:    ... okay on input line 130.
LaTeX Font Info:    Checking defaults for T1/cmr/m/n on input line 130.
LaTeX Font Info:    ... okay on input line 130.
LaTeX Font Info:    Checking defaults for OT1/cmr/m/n on input line 130.
LaTeX Font Info:    ... okay on input line 130.
LaTeX Font Info:    Checking defaults for OMS/cmsy/m/n on input line 130.
LaTeX Font Info:    ... okay on input line 130.
LaTeX Font Info:    Checking defaults for OMX/cmex/m/n on input line 130.
LaTeX Font Info:    ... okay on input line 130.
LaTeX Font Info:    Checking defaults for U/cmr/m/n on input line 130.
LaTeX Font Info:    ... okay on input line 130.
LaTeX Font Info:    Checking defaults for PD1/pdf/m/n on input line 130.
LaTeX Font Info:    ... okay on input line 130.
*geometry auto-detecting driver*
*geometry detected driver: pdftex*
-------------------- Geometry parameters
paper: a4paper
landscape: --
twocolumn: --
twoside: --
asymmetric: --
h-parts: 42.67912pt, 512.14963pt, 42.67912pt
v-parts: 99.58464pt, 702.78308pt, 42.67912pt
hmarginratio: --
vmarginratio: --
lines: --
heightrounded: --
bindingoffset: 0.0pt
truedimen: --
includehead: --
includefoot: --
includemp: --
driver: pdftex
-------------------- Page layout dimensions and switches
\paperwidth  597.50787pt
\paperheight 845.04684pt
\textwidth  512.14963pt
\textheight 702.78308pt
\oddsidemargin  -29.59087pt
\evensidemargin -29.59087pt
\topmargin  -9.68535pt
\headheight 12.0pt
\headsep    25.0pt
\footskip   30.0pt
\marginparwidth 57.0pt
\marginparsep   11.0pt
\columnsep  10.0pt
\skip\footins  9.0pt plus 4.0pt minus 2.0pt
\hoffset 0.0pt
\voffset 0.0pt
\mag 1000

(1in=72.27pt, 1cm=28.45pt)
-----------------------
(/usr/share/texmf-texlive/tex/latex/graphics/color.sty
Package: color 2005/11/14 v1.0j Standard LaTeX Color (DPC)

(/etc/texmf/tex/latex/config/color.cfg
File: color.cfg 2007/01/18 v1.5 color configuration of teTeX/TeXLive
)
Package color Info: Driver file: pdftex.def on input line 130.

(/usr/share/texmf-texlive/tex/latex/pdftex-def/pdftex.def
File: pdftex.def 2010/03/12 v0.04p Graphics/color for pdfTeX
\Gread@gobject=\count117

(/usr/share/texmf-texlive/tex/context/base/supp-pdf.mkii
[Loading MPS to PDF converter (version 2006.09.02).]
\scratchcounter=\count118
\scratchdimen=\dimen122
\scratchbox=\box29
\nofMPsegments=\count119
\nofMParguments=\count120
\everyMPshowfont=\toks30
\MPscratchCnt=\count121
\MPscratchDim=\dimen123
\MPnumerator=\count122
\everyMPtoPDFconversion=\toks31
)))
Package hyperref Info: Link coloring ON on input line 130.
 (/usr/share/texmf-texlive/tex/latex/hyperref/nameref.sty
Package: nameref 2007/05/29 v2.31 Cross-referencing by name of section

(/usr/share/texmf-texlive/tex/latex/oberdiek/refcount.sty
Package: refcount 2008/08/11 v3.1 Data extraction from references (HO)
)
\c@section@level=\count123
)
LaTeX Info: Redefining \ref on input line 130.
LaTeX Info: Redefining \pageref on input line 130.
\@outlinefile=\write3
\openout3 = `Trnstr.out'.

\AtBeginShipoutBox=\box30

! Undefined control sequence.
l.135 \fecha
            {\today}
? 
LaTeX Font Info:    Try loading font information for U+lasy on input line 146.
(/usr/share/texmf-texlive/tex/latex/base/ulasy.fd
File: ulasy.fd 1998/08/17 v2.2e LaTeX symbol font definitions
)
LaTeX Font Info:    Try loading font information for U+msa on input line 146.

(/usr/share/texmf-texlive/tex/latex/amsfonts/umsa.fd
File: umsa.fd 2009/06/22 v3.00 AMS symbols A
)
LaTeX Font Info:    Try loading font information for U+msb on input line 146.

(/usr/share/texmf-texlive/tex/latex/amsfonts/umsb.fd
File: umsb.fd 2009/06/22 v3.00 AMS symbols B
)
LaTeX Font Info:    Try loading font information for T1+cmtt on input line 146.


(/usr/share/texmf-texlive/tex/latex/base/t1cmtt.fd
File: t1cmtt.fd 1999/05/25 v2.5h Standard LaTeX font definitions
) [1

{/var/lib/texmf/fonts/map/pdftex/updmap/pdftex.map}]
Underfull \hbox (badness 10000) in paragraph at lines 150--151

 []


LaTeX Warning: Command \' invalid in math mode on input line 159.

Missing character: There is no í in font cmr10!
[2]
Overfull \hbox (14.99998pt too wide) in paragraph at lines 212--212
[]\T1/cmr/m/n/10 Rep($\OML/cmm/m/it/10 p$\T1/cmr/m/n/10 )| $\OMS/cmsy/m/n/10 ^^
Q$| [] 
 []


Overfull \hbox (14.99998pt too wide) in paragraph at lines 213--213
[]\T1/cmr/m/n/10 Abs($\OML/cmm/m/it/10 p$\T1/cmr/m/n/10 )| $\OMS/cmsy/m/n/10 ^^
Q$| [] 
 []


Underfull \hbox (badness 10000) in paragraph at lines 216--290

 []

[3]
Underfull \hbox (badness 10000) in paragraph at lines 294--295

 []


Underfull \hbox (badness 10000) in paragraph at lines 296--297

 []


Underfull \hbox (badness 10000) in paragraph at lines 304--365

 []


Underfull \hbox (badness 10000) in paragraph at lines 304--365

 []


Underfull \hbox (badness 10000) in paragraph at lines 304--365

 []


Underfull \hbox (badness 10000) in paragraph at lines 304--365

 []


Underfull \hbox (badness 10000) in paragraph at lines 304--365

 []


Underfull \hbox (badness 10000) in paragraph at lines 304--365

 []


Underfull \hbox (badness 10000) in paragraph at lines 304--365

 []


Underfull \hbox (badness 10000) in paragraph at lines 304--365

 []


Underfull \hbox (badness 10000) in paragraph at lines 304--365

 []


Underfull \hbox (badness 10000) in paragraph at lines 304--365

 []


Underfull \hbox (badness 10000) in paragraph at lines 304--365

 []

[4]
Overfull \hbox (14.99998pt too wide) in paragraph at lines 373--373
[]\T1/cmr/m/n/10 Rep($\OML/cmm/m/it/10 t$\T1/cmr/m/n/10 )| $\OMS/cmsy/m/n/10 ^^
Q$| [] 
 []


Overfull \hbox (14.99998pt too wide) in paragraph at lines 374--374
[]\T1/cmr/m/n/10 Abs($\OML/cmm/m/it/10 t$\T1/cmr/m/n/10 )| $\OMS/cmsy/m/n/10 ^^
Q$| [] 
 []


Underfull \hbox (badness 10000) in paragraph at lines 377--476

 []


Underfull \hbox (badness 10000) in paragraph at lines 377--476

 []


Underfull \hbox (badness 10000) in paragraph at lines 377--476

 []


Underfull \hbox (badness 10000) in paragraph at lines 377--476

 []


Underfull \hbox (badness 10000) in paragraph at lines 377--476

 []


Underfull \hbox (badness 10000) in paragraph at lines 377--476

 []


Underfull \hbox (badness 10000) in paragraph at lines 377--476

 []


Underfull \hbox (badness 10000) in paragraph at lines 377--476

 []


Underfull \hbox (badness 10000) in paragraph at lines 377--476

 []


Underfull \hbox (badness 10000) in paragraph at lines 377--476

 []


Underfull \hbox (badness 10000) in paragraph at lines 377--476

 []


Underfull \hbox (badness 10000) in paragraph at lines 377--476

 []

[5]
Underfull \hbox (badness 10000) in paragraph at lines 485--486

 []

[6]
Underfull \hbox (badness 10000) in paragraph at lines 487--488

 []


Overfull \hbox (49.65227pt too wide) in paragraph at lines 540--540
\OML/cmm/m/it/10 promesasDe\OT1/cmr/m/n/10 ([]\OML/cmm/m/it/10 ; []\OT1/cmr/m/n
/10 ) \OMS/cmsy/m/n/10 ) \OT1/cmr/m/n/10 (\OML/cmm/m/it/10 t$\T1/cmr/m/n/10 í$\
OML/cmm/m/it/10 tulo\OT1/cmr/m/n/10 ([]) \OMS/cmsy/m/n/10 6\OT1/cmr/m/n/10 = \O
ML/cmm/m/it/10 t$\T1/cmr/m/n/10 í$\OML/cmm/m/it/10 tulo\OT1/cmr/m/n/10 (\OML/cm
m/m/it/10 p\OT1/cmr/m/n/10 2) \OMS/cmsy/m/n/10 _ \OML/cmm/m/it/10 tipo\OT1/cmr/
m/n/10 ([]) \OMS/cmsy/m/n/10 6\OT1/cmr/m/n/10 = \OML/cmm/m/it/10 tipo\OT1/cmr/m
/n/10 (\OML/cmm/m/it/10 p\OT1/cmr/m/n/10 2))) \OMS/cmsy/m/n/10 ^ \OT1/cmr/m/n/1
0 (\OML/cmm/m/it/10 tipo\OT1/cmr/m/n/10 ([]) = \OML/cmm/m/it/10 vender \OMS/cms
y/m/n/10 ) \OML/cmm/m/it/10 accionesPorCliente\OT1/cmr/m/n/10 ([]\OML/cmm/m/it/
10 ; t$\T1/cmr/m/n/10 í$\OML/cmm/m/it/10 tulo\OT1/cmr/m/n/10 ([])\OML/cmm/m/it/
10 ; []\OT1/cmr/m/n/10 ) \OMS/cmsy/m/n/10 ^^U
 []

[7]
Underfull \hbox (badness 10000) in paragraph at lines 554--559
\T1/cmr/m/n/10 , \T1/cmr/m/it/10 da-tos-Ti-tu-lo\T1/cmr/m/n/10 : \T1/cmtt/m/n/1
0 diccT(string,tupla<titulo:titulo, cantWolfie:acciones,
 []


Underfull \hbox (badness 10000) in paragraph at lines 563--601

 []


Underfull \hbox (badness 10000) in paragraph at lines 563--601

 []


Underfull \hbox (badness 10000) in paragraph at lines 563--601

 []


Underfull \hbox (badness 10000) in paragraph at lines 563--601

 []


Underfull \hbox (badness 10000) in paragraph at lines 563--601

 []


Underfull \hbox (badness 10000) in paragraph at lines 563--601

 []


Underfull \hbox (badness 10000) in paragraph at lines 563--601

 []


Underfull \hbox (badness 10000) in paragraph at lines 563--601

 []


Underfull \hbox (badness 10000) in paragraph at lines 563--601

 []


Underfull \hbox (badness 10000) in paragraph at lines 563--601

 []


Underfull \hbox (badness 10000) in paragraph at lines 563--601

 []


Underfull \hbox (badness 10000) in paragraph at lines 563--601

 []


Underfull \hbox (badness 10000) in paragraph at lines 563--601

 []


Underfull \hbox (badness 10000) in paragraph at lines 563--601

 []


Underfull \hbox (badness 10000) in paragraph at lines 563--601

 []


Underfull \hbox (badness 10000) in paragraph at lines 601--601

 []


Underfull \hbox (badness 10000) in paragraph at lines 601--601

 []


Underfull \hbox (badness 10000) in paragraph at lines 601--601

 []


Underfull \hbox (badness 1147) in paragraph at lines 601--601
\T1/cmr/bx/n/10 4) $\OMS/cmsy/m/n/10 ^\OT1/cmr/m/n/10 (\OMS/cmsy/m/n/10 8$ \T1/
cmr/m/n/10 t:nombre) (def?(t, w.datosTitulo)) $\OMS/cmsy/m/n/10 )[]$ \T1/cmr/m/
n/10 ob-te-ner(t,w.datosTitulo).accWolfie = $[][]$
 []


Underfull \hbox (badness 10000) in paragraph at lines 601--601

 []


Underfull \hbox (badness 10000) in paragraph at lines 601--601

 []


Underfull \hbox (badness 10000) in paragraph at lines 601--601

 []


Underfull \hbox (badness 10000) in paragraph at lines 601--601
\OMS/cmsy/m/n/10 )[] \OT1/cmr/m/n/10 (#$\T1/cmr/m/n/10 (TitXCli(c,t,w).pVenta)=
1 $\OMS/cmsy/m/n/10 ^$ \T1/cmr/m/n/10 ti-po(dameUno(TitXCli(c,t,w).pVenta))=ven
der) $\OMS/cmsy/m/n/10 ^$ \T1/cmr/m/n/10 (nom-
 []


Underfull \hbox (badness 10000) in paragraph at lines 601--601
\T1/cmr/bx/n/10 7.2)$\OMS/cmsy/m/n/10 ^:;$\T1/cmr/m/n/10 ?(TitXCli(c,t,w)).pCom
pra $\OMS/cmsy/m/n/10 )[] \OT1/cmr/m/n/10 (#$\T1/cmr/m/n/10 (TitXCli(c,t,w).pCo
mpra)=1 $\OMS/cmsy/m/n/10 ^$ \T1/cmr/m/n/10 ti-
 []


Underfull \hbox (badness 10000) in paragraph at lines 601--601

 []


Underfull \hbox (badness 10000) in paragraph at lines 601--601
\T1/cmr/bx/n/10 8)$\OMS/cmsy/m/n/10 ^$ \T1/cmr/m/n/10 ($\OMS/cmsy/m/n/10 ;$\T1/
cmr/m/n/10 ?(w.promUlt) $\OMS/cmsy/m/n/10 _[]$ \T1/cmr/m/n/10 ((w.promUlt)=1 $\
OMS/cmsy/m/n/10 ^$ \T1/cmr/m/n/10 (w.promUlt).cliente $\OMS/cmsy/m/n/10 2$
 []


Underfull \hbox (badness 10000) in paragraph at lines 601--601
\T1/cmr/m/n/10 w.clientes) $\OMS/cmsy/m/n/10 ^[]\OT1/cmr/m/n/10 (\OMS/cmsy/m/n/
10 8$ \T1/cmr/m/n/10 p:promesa) p $\OMS/cmsy/m/n/10 2$ \T1/cmr/m/n/10 (da-meUno
(w.promUlt).promesas) $\OMS/cmsy/m/n/10 , \OT1/cmr/m/n/10 (\OMS/cmsy/m/n/10 9$
 []


Underfull \hbox (badness 10000) in paragraph at lines 601--601
\T1/cmr/m/n/10 n:nombre) ($\OMS/cmsy/m/n/10 :;$\T1/cmr/m/n/10 ? (TitX-Cli(dameU
no(w.promUlt).cliente,n,w).pCompra) $\OMS/cmsy/m/n/10 ^[]$ \T1/cmr/m/n/10 da-
 []


Underfull \hbox (badness 10000) in paragraph at lines 601--601
\T1/cmr/m/n/10 meUno(TitXCli(dameUno(w.promUlt).cliente,n,w).pCompra)=p $\OMS/c
msy/m/n/10 _:;$\T1/cmr/m/n/10 ? (TitX-
 []


Overfull \hbox (46.1657pt too wide) in paragraph at lines 601--601
\T1/cmr/m/n/10 Cli(dameUno(w.promUlt).cliente,n,w).pVenta) $\OMS/cmsy/m/n/10 ^[
]$ \T1/cmr/m/n/10 da-meUno(TitXCli(dameUno(w.promUlt).cliente,n,w).pVenta)=p) 
 []


Underfull \hbox (badness 10000) in paragraph at lines 601--601

 []


Underfull \hbox (badness 10000) in paragraph at lines 601--601

 []


Overfull \hbox (14.99998pt too wide) in paragraph at lines 601--601
[]\T1/cmr/m/n/10 Rep($\OML/cmm/m/it/10 w$\T1/cmr/m/n/10 )| $\OMS/cmsy/m/n/10 ^^
Q$| [] 
 []

[8]
Overfull \hbox (33.35718pt too wide) in paragraph at lines 603--605
[]\T1/cmr/m/sc/10 TitXCli \T1/cmr/m/n/10 (c:cliente, t:nombre, w:wolfie) $\OMS/
cmsy/m/n/10 !$ \T1/cmr/m/n/10 da-tos-Clien-te TitX-Cli(c,t,w) = ob-te-ner(c,obt
ener(t, w.datosTitulo).datosCliente) 
 []


Underfull \hbox (badness 10000) in paragraph at lines 603--605

 []


Underfull \hbox (badness 10000) in paragraph at lines 603--605

 []


Overfull \hbox (14.99998pt too wide) in paragraph at lines 605--605
[]\T1/cmr/m/n/10 Abs($\OML/cmm/m/it/10 w$\T1/cmr/m/n/10 )| $\OMS/cmsy/m/n/10 ^^
Q$| [] 
 []


Underfull \hbox (badness 10000) in paragraph at lines 610--699

 []


Underfull \hbox (badness 10000) in paragraph at lines 610--699

 []


Underfull \hbox (badness 10000) in paragraph at lines 610--699

 []


Underfull \hbox (badness 10000) in paragraph at lines 610--699

 []


Underfull \hbox (badness 10000) in paragraph at lines 610--699

 []


Underfull \hbox (badness 10000) in paragraph at lines 610--699

 []


Underfull \hbox (badness 10000) in paragraph at lines 610--699

 []


Underfull \hbox (badness 10000) in paragraph at lines 610--699

 []

[9]
Overfull \hbox (0.16623pt too wide) in paragraph at lines 700--877
| | \T1/cmr/bx/n/10 if $\OT1/cmr/m/n/10 #$\T1/cmr/m/n/10 (dcli.pVenta)>0 $\OMS/
cmsy/m/n/10 ^[]$ \T1/cmr/m/n/10 (pro-me-saE-je-cu-ta-ble(siguiente(crearIt(dcli
.pCompra))), cot, ((datos.titulo).cantMax)-
 []


Overfull \hbox (9.91385pt too wide) in paragraph at lines 700--877
| | \T1/cmr/bx/n/10 if $\OT1/cmr/m/n/10 #$\T1/cmr/m/n/10 (dcli.pCompra)>0 $\OMS
/cmsy/m/n/10 ^[]$ \T1/cmr/m/n/10 (pro-me-saE-je-cu-ta-ble(siguiente(crearIt(dcl
i.pCompra))), cot, ((datos.titulo).cantMax)-
 []


Overfull \hbox (11.35144pt too wide) in paragraph at lines 700--877
| | | \T1/cmr/m/n/10 sig-ni-fi-ca-do(c, w.accTxCliente) $\OMS/cmsy/m/n/10  $ \T
1/cmr/m/n/10 sig-ni-fi-ca-do(c, w.accTxCliente+cantidad(siguiente(crearIt(dcli.
pCompra)))
 []


Underfull \hbox (badness 10000) in paragraph at lines 700--877

 []


Underfull \hbox (badness 10000) in paragraph at lines 700--877

 []


Underfull \hbox (badness 10000) in paragraph at lines 700--877

 []


Underfull \hbox (badness 10000) in paragraph at lines 700--877

 []


Underfull \hbox (badness 10000) in paragraph at lines 700--877

 []


Underfull \hbox (badness 10000) in paragraph at lines 700--877

 []


Underfull \hbox (badness 10000) in paragraph at lines 700--877

 []


Underfull \hbox (badness 10000) in paragraph at lines 700--877

 []


Underfull \hbox (badness 10000) in paragraph at lines 700--877

 []

[10] [11]
Underfull \hbox (badness 10000) in paragraph at lines 913--944

 []


Underfull \hbox (badness 10000) in paragraph at lines 913--944

 []


Underfull \hbox (badness 10000) in paragraph at lines 913--944

 []

[12]
Overfull \hbox (14.99998pt too wide) in paragraph at lines 954--954
[]\T1/cmr/m/n/10 Rep($\OML/cmm/m/it/10 d$\T1/cmr/m/n/10 )| $\OMS/cmsy/m/n/10 ^^
Q$| [] 
 []


Overfull \hbox (14.99998pt too wide) in paragraph at lines 956--956
[]\T1/cmr/m/n/10 Abs($\OML/cmm/m/it/10 d$\T1/cmr/m/n/10 )| $\OMS/cmsy/m/n/10 ^^
Q$| [] 
 []


Overfull \hbox (14.99998pt too wide) in paragraph at lines 967--967
[]\T1/cmr/m/n/10 Rep($\OML/cmm/m/it/10 d$\T1/cmr/m/n/10 )| $\OMS/cmsy/m/n/10 ^^
Q$| [] 
 []

! Missing $ inserted.
<inserted text> 
                $
l.975   \NombreFuncion{iVacio} () \rightarrow
                                              res:estr
? 
! Missing $ inserted.
<inserted text> 
                $
l.976 	\tab res $\leftarrow
                           $ Vacia() \hfill O(1)
? 
! Missing $ inserted.
<inserted text> 
                $
l.978 ...{$\kappa$}, \In{s}{$\sigma$}) \rightarrow
                                                   res:itDiccOrd($\kappa$, $...

? 
! Missing $ inserted.
<inserted text> 
                $
l.978 ...igma$}) \rightarrow res:itDiccOrd($\kappa
                                                  $, $\sigma$)
? 
! Missing $ inserted.
<inserted text> 
                $
l.990 ...$\kappa$}, \In{s}{$\sigma$})  \rightarrow
                                                   res:itDiccOrd($\kappa$, $...

? 
! Missing $ inserted.
<inserted text> 
                $
l.990 ...gma$})  \rightarrow res:itDiccOrd($\kappa
                                                  $, $\sigma$)
? 
[13])
Runaway argument?
{iCrearDiccAccC(\In {cs}{vector($\kappa $)}, \In {s}{$\sigma $}) \tab \ETC.
! File ended while scanning use of \textsc .
<inserted text> 
                \par 
<*> Trnstr.tex
              
? 

*
(Please type a command or say `\end')
*
(Please type a command or say `\end')
*
(Please type a command or say `\end')
*
! Emergency stop.
<*> 
    
End of file on the terminal!

 
Here is how much of TeX's memory you used:
 6901 strings out of 494999
 95223 string characters out of 1180816
 190131 words of memory out of 3000000
 9926 multiletter control sequences out of 15000+50000
 15030 words of font info for 38 fonts, out of 3000000 for 9000
 54 hyphenation exceptions out of 8191
 38i,10n,43p,538b,388s stack positions out of 5000i,500n,10000p,200000b,50000s
!  ==> Fatal error occurred, no output PDF file produced!
