0.025
0.025
0.025
0.025
0.025
0.025
0.025
0.025
0.025
0.025
0.03125
0.03125
0.03125
0.03125
0.03125
0.03125
0.03125
0.03125
0.03125
0.03125
0.0342465753425
0.0342465753425
0.0342465753425
0.0335570469799
0.0335570469799
0.0335570469799
0.0335570469799
0.0335570469799
0.0335570469799
0.0335570469799
0.034965034965
0.034965034965
0.034965034965
0.034965034965
0.034965034965
0.034965034965
0.034965034965
0.034965034965
0.034965034965
0.034965034965
0.036496350365
0.036496350365
0.036496350365
0.036496350365
0.036496350365
0.036496350365
0.036496350365
0.036496350365
0.036496350365
0.036496350365
0.036231884058
0.036231884058
0.036231884058
0.036231884058
0.036231884058
0.036231884058
0.036231884058
0.036231884058
0.036231884058
0.036231884058
0.036496350365
0.036496350365
0.036496350365
0.036496350365
0.036496350365
0.036496350365
0.036496350365
0.036496350365
0.036496350365
0.036496350365
0.037037037037
0.037037037037
0.037037037037
0.037037037037
0.037037037037
0.037037037037
0.0375939849624
0.0375939849624
0.0375939849624
0.0375939849624
0.0381679389313
0.0381679389313
0.0381679389313
0.0381679389313
0.0381679389313
0.0381679389313
0.0381679389313
0.0381679389313
0.0381679389313
0.0381679389313
0.0381679389313
0.0381679389313
0.0381679389313
0.0381679389313
0.0381679389313
0.0381679389313
0.0381679389313
0.0381679389313
0.0381679389313
0.0381679389313
0.0381679389313
0.0381679389313
0.0375939849624
0.0375939849624
0.0375939849624
0.0375939849624
0.0375939849624
0.0375939849624
0.0375939849624
0.0375939849624
0.0378787878788
0.0378787878788
0.0378787878788
0.0378787878788
0.0378787878788
0.0378787878788
0.0378787878788
0.0378787878788
0.0378787878788
0.0378787878788
0.0381679389313
0.0381679389313
0.0381679389313
0.0381679389313
0.0381679389313
0.0381679389313
0.0381679389313
0.0381679389313
0.0381679389313
0.0381679389313
0.0381679389313
0.0381679389313
0.0381679389313
0.0381679389313
0.0381679389313
0.0381679389313
0.0381679389313
0.0381679389313
0.0381679389313
0.0381679389313
0.0381679389313
0.0381679389313
0.0381679389313
0.0381679389313
0.0381679389313
0.0381679389313
0.0381679389313
0.0381679389313
0.0381679389313
0.0381679389313
0.0381679389313
0.0381679389313
0.0381679389313
0.0381679389313
0.0381679389313
0.0381679389313
0.0381679389313
0.0381679389313
0.0381679389313
0.0381679389313
0.0381679389313
0.0381679389313
0.0381679389313
0.0381679389313
0.0381679389313
0.0381679389313
0.0381679389313
0.0381679389313
0.0381679389313
0.0381679389313
0.0381679389313
0.0381679389313
0.0381679389313
0.0381679389313
0.0381679389313
0.0381679389313
0.0381679389313
0.0381679389313
0.0381679389313
0.0381679389313
0.0381679389313
0.0381679389313
0.0381679389313
0.0381679389313
0.0381679389313
0.0381679389313
0.0381679389313
0.0381679389313
0.0381679389313
0.0381679389313
0.0381679389313
0.0381679389313
0.0381679389313
0.0381679389313
0.0381679389313
0.0381679389313
0.0381679389313
0.0381679389313
0.0381679389313
0.0381679389313
0.0255102040816
0.0255102040816
0.0255102040816
0.0255102040816
0.0255102040816
0.0255102040816
0.0255102040816
0.0255102040816
0.0255102040816
0.0255102040816
0.0390625
0.0390625
0.0390625
0.0390625
0.0390625
0.0390625
0.0390625
0.0390625
0.0390625
0.0390625
0.047619047619
0.047619047619
0.047619047619
0.047619047619
0.047619047619
0.047619047619
0.047619047619
0.047619047619
0.047619047619
0.047619047619
0.049504950495
0.049504950495
0.049504950495
0.049504950495
0.049504950495
0.049504950495
0.054347826087
0.054347826087
0.054347826087
0.054347826087
0.0531914893617
0.0531914893617
0.0531914893617
0.0531914893617
0.0531914893617
0.0531914893617
0.0531914893617
0.0531914893617
0.0531914893617
0.0531914893617
0.0595238095238
0.0595238095238
0.0595238095238
0.0595238095238
0.0595238095238
0.0595238095238
0.0595238095238
0.0595238095238
0.0595238095238
0.0595238095238
0.0555555555556
0.0555555555556
0.0555555555556
0.0602409638554
0.0602409638554
0.0602409638554
0.0602409638554
0.0602409638554
0.0602409638554
0.0602409638554
0.0595238095238
0.0595238095238
0.0595238095238
0.0595238095238
0.0595238095238
0.0595238095238
0.0595238095238
0.0595238095238
0.0595238095238
0.0595238095238
0.0574712643678
0.0574712643678
0.0574712643678
0.0574712643678
0.0574712643678
0.0574712643678
0.0574712643678
0.0574712643678
0.0574712643678
0.0581395348837
0.0568181818182
0.0568181818182
0.0568181818182
0.0568181818182
0.0568181818182
0.0568181818182
0.0568181818182
0.0568181818182
0.0568181818182
0.0568181818182
0.0568181818182
0.0568181818182
0.0568181818182
0.0568181818182
0.0568181818182
0.0568181818182
0.0568181818182
0.0568181818182
0.0568181818182
0.0568181818182
0.0568181818182
0.0568181818182
0.0568181818182
0.0568181818182
0.0568181818182
0.0568181818182
0.0602409638554
0.0595238095238
0.0595238095238
0.0595238095238
0.0595238095238
0.0595238095238
0.0595238095238
0.0595238095238
0.0595238095238
0.0595238095238
0.0595238095238
0.0595238095238
0.0595238095238
0.0595238095238
0.0602409638554
0.0602409638554
0.0602409638554
0.0602409638554
0.0602409638554
0.0602409638554
0.0602409638554
0.0602409638554
0.0602409638554
0.0602409638554
0.0602409638554
0.0609756097561
0.0609756097561
0.0609756097561
0.0609756097561
0.0609756097561
0.0609756097561
0.0609756097561
0.0609756097561
0.0609756097561
0.0609756097561
0.0609756097561
0.0609756097561
0.0609756097561
0.0609756097561
0.0609756097561
0.0609756097561
0.0609756097561
0.0609756097561
0.0609756097561
0.0609756097561
0.0609756097561
0.0609756097561
0.0609756097561
0.0609756097561
0.0609756097561
0.0609756097561
0.0581395348837
0.0581395348837
0.0581395348837
0.0581395348837
0.0581395348837
0.0581395348837
0.0581395348837
0.0581395348837
0.0581395348837
0.0581395348837
0.0581395348837
0.0581395348837
0.0581395348837
0.0581395348837
0.0581395348837
0.0581395348837
0.0581395348837
0.0581395348837
0.0581395348837
0.0581395348837
0.0581395348837
0.0581395348837
0.0581395348837
0.0581395348837
0.0561797752809
0.0561797752809
0.0561797752809
0.0561797752809
0.0561797752809
0.0561797752809
0.0561797752809
0.0561797752809
0.0561797752809
0.04
0.04
0.04
0.04
0.04
0.04
0.04
0.04
0.04
0.04
0.0549450549451
0.0549450549451
0.0549450549451
0.0549450549451
0.0549450549451
0.0574712643678
0.0574712643678
0.0574712643678
0.0574712643678
0.0574712643678
0.0714285714286
0.0714285714286
0.0714285714286
0.0714285714286
0.0714285714286
0.0714285714286
0.0714285714286
0.0714285714286
0.0714285714286
0.0714285714286
0.0757575757576
0.0757575757576
0.0757575757576
0.0757575757576
0.0757575757576
0.0757575757576
0.0757575757576
0.0757575757576
0.0757575757576
0.0757575757576
0.0757575757576
0.0757575757576
0.0757575757576
0.0757575757576
0.0757575757576
0.0757575757576
0.0757575757576
0.0757575757576
0.0757575757576
0.0757575757576
0.0757575757576
0.0757575757576
0.0757575757576
0.0757575757576
0.0757575757576
0.0757575757576
0.0757575757576
0.0757575757576
0.0757575757576
0.0757575757576
0.078125
0.078125
0.078125
0.078125
0.078125
0.0735294117647
0.0735294117647
0.0735294117647
0.0735294117647
0.0735294117647
0.0769230769231
0.0769230769231
0.0769230769231
0.0769230769231
0.0769230769231
0.0769230769231
0.0769230769231
0.0769230769231
0.0769230769231
0.0769230769231
0.0793650793651
0.0793650793651
0.0793650793651
0.0793650793651
0.0793650793651
0.0793650793651
0.0793650793651
0.0793650793651
0.0793650793651
0.0793650793651
0.0757575757576
0.078125
0.078125
0.078125
0.078125
0.078125
0.078125
0.078125
0.078125
0.078125
0.0793650793651
0.0793650793651
0.0793650793651
0.0793650793651
0.0793650793651
0.0793650793651
0.0793650793651
0.0793650793651
0.0793650793651
0.0793650793651
0.0769230769231
0.0769230769231
0.0769230769231
0.0769230769231
0.0769230769231
0.0769230769231
0.0769230769231
0.0769230769231
0.0819672131148
0.0819672131148
0.0819672131148
0.0819672131148
0.0819672131148
0.0819672131148
0.0819672131148
0.0819672131148
0.0819672131148
0.0819672131148
0.0819672131148
0.0819672131148
0.0819672131148
0.0819672131148
0.0819672131148
0.0819672131148
0.0819672131148
0.0819672131148
0.0819672131148
0.0819672131148
0.0819672131148
0.0819672131148
0.0819672131148
0.0819672131148
0.0819672131148
0.0862068965517
0.0862068965517
0.0862068965517
0.0862068965517
0.0862068965517
0.0862068965517
0.0862068965517
0.0862068965517
0.0862068965517
0.0862068965517
0.0862068965517
0.0862068965517
0.0862068965517
0.0862068965517
0.0862068965517
0.0862068965517
0.0862068965517
0.0862068965517
0.0862068965517
0.0862068965517
0.0862068965517
0.0862068965517
0.0862068965517
0.0862068965517
0.0862068965517
0.0862068965517
0.0862068965517
0.0833333333333
0.0833333333333
0.0833333333333
0.0833333333333
0.0833333333333
0.0833333333333
0.0833333333333
0.0833333333333
0.0833333333333
0.0833333333333
0.0833333333333
0.0833333333333
0.0833333333333
0.0833333333333
0.0833333333333
0.0833333333333
0.0833333333333
0.0833333333333
0.0833333333333
0.0833333333333
0.0833333333333
0.0833333333333
0.0833333333333
0.0833333333333
0.0833333333333
0.0833333333333
0.0833333333333
0.0793650793651
0.0793650793651
0.0793650793651
