170.8
170.8
170.8
170.8
170.8
170.8
170.8
170.8
170.8
170.8
125.0
125.0
125.0
125.0
125.0
125.0
125.0
125.0
125.0
125.0
99.6
99.6
99.6
110.6
110.6
110.6
110.6
110.6
110.6
110.6
98.6
98.6
98.6
98.6
98.6
98.6
98.6
98.6
98.6
98.6
94.6
94.6
94.6
94.6
94.6
94.6
94.6
94.6
94.6
94.6
96.8
96.8
96.8
96.8
96.8
96.8
96.8
96.8
96.8
96.8
94.6
94.6
94.6
94.6
94.6
94.6
94.6
94.6
94.6
94.6
92.6
92.6
92.6
92.6
92.6
92.6
90.4
90.4
90.4
90.4
84.4
84.4
84.4
84.4
84.4
84.4
84.4
84.4
84.4
84.4
84.4
84.4
84.4
84.4
84.4
84.4
84.4
84.4
84.4
84.4
84.4
84.4
90.4
90.4
90.4
90.4
90.4
90.4
90.4
90.4
86.8
86.8
86.8
86.8
86.8
86.8
86.8
86.8
86.8
86.8
83.2
83.2
83.2
83.2
83.2
83.2
83.2
83.2
83.2
78.8
78.8
78.8
78.8
78.8
78.8
78.8
78.8
78.8
78.8
78.8
78.8
78.8
78.8
78.8
78.8
78.8
78.8
78.8
78.8
78.8
78.8
78.8
78.8
78.8
78.8
78.8
78.8
77.6
77.6
77.6
77.6
77.6
77.6
77.6
77.6
77.6
77.6
77.6
77.6
77.6
77.6
77.6
77.6
77.6
77.6
77.6
77.6
77.6
77.6
77.6
77.6
77.6
77.6
83.0
83.0
83.0
83.0
83.0
83.0
83.0
83.0
83.0
83.0
83.0
83.0
83.0
83.0
83.0
83.0
83.0
166.8
166.8
166.8
166.8
166.8
166.8
166.8
166.8
166.8
166.8
99.0
99.0
99.0
99.0
99.0
99.0
99.0
99.0
99.0
99.0
71.6
71.6
71.6
71.6
71.6
71.6
71.6
71.6
71.6
71.6
67.6
67.6
67.6
67.6
67.6
67.6
55.8
55.8
55.8
55.8
53.8
53.8
53.8
53.8
53.8
53.8
53.8
53.8
53.8
53.8
47.2
47.2
47.2
47.2
47.2
47.2
47.2
47.2
47.2
47.2
49.6
49.6
49.6
43.0
43.0
43.0
43.0
43.0
43.0
43.0
42.2
42.2
42.2
42.2
42.2
42.2
42.2
42.2
42.2
42.2
44.4
44.4
44.4
44.4
44.4
44.4
44.4
44.4
44.4
45.4
44.6
44.6
44.6
44.6
44.6
44.6
44.6
44.6
44.6
44.6
44.6
44.6
44.6
44.6
44.6
44.6
44.6
44.6
44.6
44.6
44.6
44.6
44.6
44.6
44.6
44.6
45.0
44.2
44.2
44.2
44.8
44.8
44.8
44.8
44.8
44.8
44.8
44.8
44.8
44.8
42.6
42.6
42.6
42.6
42.6
42.6
42.6
42.6
42.6
42.6
42.6
39.8
39.8
39.8
39.8
39.8
39.8
39.8
39.8
39.8
39.8
39.8
39.8
39.8
39.8
39.8
39.8
39.8
39.8
39.8
39.8
39.8
39.8
39.8
39.8
39.8
39.8
43.4
43.4
43.4
43.4
43.4
43.4
43.4
43.4
43.4
43.4
43.4
43.4
43.4
43.4
43.4
43.4
43.4
43.4
43.4
43.4
43.4
43.4
43.4
43.4
48.4
48.4
48.4
48.4
48.4
48.4
48.4
48.4
48.4
95.4
95.4
95.4
95.4
95.4
95.4
95.4
95.4
95.4
95.4
61.6
61.6
61.6
61.6
61.6
55.8
55.8
55.8
55.8
55.8
39.2
39.2
39.2
39.2
39.2
39.2
39.2
39.2
39.2
39.2
35.6
35.6
35.6
35.6
35.6
35.6
35.6
35.6
35.6
35.6
32.4
32.4
32.4
32.4
32.4
32.4
32.4
32.4
32.4
32.4
31.0
31.0
31.0
31.0
31.0
31.0
31.0
31.0
31.0
31.0
27.6
27.6
27.6
27.6
27.6
29.8
29.8
29.8
29.8
29.8
27.4
27.4
27.4
27.4
27.4
27.4
27.4
27.4
27.4
27.4
27.6
27.6
27.6
27.6
27.6
27.6
27.6
27.6
27.6
27.6
26.2
26.6
26.6
26.6
26.6
26.6
26.6
26.6
26.6
26.6
27.8
27.8
27.8
27.8
27.8
27.8
27.8
27.8
27.8
27.8
25.6
25.6
25.6
25.6
25.6
25.6
25.6
25.6
23.6
23.6
23.6
23.6
23.6
23.6
23.6
23.6
23.6
23.6
23.6
23.6
23.6
23.6
23.6
23.6
23.6
23.6
23.6
23.6
23.6
23.6
23.6
23.6
23.6
24.6
24.6
24.6
24.6
24.6
24.6
24.6
24.6
24.6
24.6
24.6
24.6
24.6
24.6
24.6
24.6
24.6
24.6
24.6
24.6
24.6
24.6
24.6
24.6
24.6
24.6
24.6
22.8
22.8
22.8
22.8
22.8
22.8
22.8
22.8
22.8
22.8
22.8
22.8
22.8
22.8
22.8
22.8
22.8
22.8
22.8
22.8
22.8
22.8
22.8
22.8
22.8
22.8
22.8
25.4
25.4
25.4
