
ejecutame:     file format elf64-x86-64


Disassembly of section .init:

0000000000400520 <_init>:
  400520:	48 83 ec 08          	sub    $0x8,%rsp
  400524:	48 8b 05 cd 0a 20 00 	mov    0x200acd(%rip),%rax        # 600ff8 <_DYNAMIC+0x1d0>
  40052b:	48 85 c0             	test   %rax,%rax
  40052e:	74 05                	je     400535 <_init+0x15>
  400530:	e8 6b 00 00 00       	callq  4005a0 <__gmon_start__@plt>
  400535:	48 83 c4 08          	add    $0x8,%rsp
  400539:	c3                   	retq   

Disassembly of section .plt:

0000000000400540 <puts@plt-0x10>:
  400540:	ff 35 c2 0a 20 00    	pushq  0x200ac2(%rip)        # 601008 <_GLOBAL_OFFSET_TABLE_+0x8>
  400546:	ff 25 c4 0a 20 00    	jmpq   *0x200ac4(%rip)        # 601010 <_GLOBAL_OFFSET_TABLE_+0x10>
  40054c:	0f 1f 40 00          	nopl   0x0(%rax)

0000000000400550 <puts@plt>:
  400550:	ff 25 c2 0a 20 00    	jmpq   *0x200ac2(%rip)        # 601018 <_GLOBAL_OFFSET_TABLE_+0x18>
  400556:	68 00 00 00 00       	pushq  $0x0
  40055b:	e9 e0 ff ff ff       	jmpq   400540 <_init+0x20>

0000000000400560 <fread@plt>:
  400560:	ff 25 ba 0a 20 00    	jmpq   *0x200aba(%rip)        # 601020 <_GLOBAL_OFFSET_TABLE_+0x20>
  400566:	68 01 00 00 00       	pushq  $0x1
  40056b:	e9 d0 ff ff ff       	jmpq   400540 <_init+0x20>

0000000000400570 <fclose@plt>:
  400570:	ff 25 b2 0a 20 00    	jmpq   *0x200ab2(%rip)        # 601028 <_GLOBAL_OFFSET_TABLE_+0x28>
  400576:	68 02 00 00 00       	pushq  $0x2
  40057b:	e9 c0 ff ff ff       	jmpq   400540 <_init+0x20>

0000000000400580 <__stack_chk_fail@plt>:
  400580:	ff 25 aa 0a 20 00    	jmpq   *0x200aaa(%rip)        # 601030 <_GLOBAL_OFFSET_TABLE_+0x30>
  400586:	68 03 00 00 00       	pushq  $0x3
  40058b:	e9 b0 ff ff ff       	jmpq   400540 <_init+0x20>

0000000000400590 <__libc_start_main@plt>:
  400590:	ff 25 a2 0a 20 00    	jmpq   *0x200aa2(%rip)        # 601038 <_GLOBAL_OFFSET_TABLE_+0x38>
  400596:	68 04 00 00 00       	pushq  $0x4
  40059b:	e9 a0 ff ff ff       	jmpq   400540 <_init+0x20>

00000000004005a0 <__gmon_start__@plt>:
  4005a0:	ff 25 9a 0a 20 00    	jmpq   *0x200a9a(%rip)        # 601040 <_GLOBAL_OFFSET_TABLE_+0x40>
  4005a6:	68 05 00 00 00       	pushq  $0x5
  4005ab:	e9 90 ff ff ff       	jmpq   400540 <_init+0x20>

00000000004005b0 <fopen@plt>:
  4005b0:	ff 25 92 0a 20 00    	jmpq   *0x200a92(%rip)        # 601048 <_GLOBAL_OFFSET_TABLE_+0x48>
  4005b6:	68 06 00 00 00       	pushq  $0x6
  4005bb:	e9 80 ff ff ff       	jmpq   400540 <_init+0x20>

00000000004005c0 <exit@plt>:
  4005c0:	ff 25 8a 0a 20 00    	jmpq   *0x200a8a(%rip)        # 601050 <_GLOBAL_OFFSET_TABLE_+0x50>
  4005c6:	68 07 00 00 00       	pushq  $0x7
  4005cb:	e9 70 ff ff ff       	jmpq   400540 <_init+0x20>

Disassembly of section .text:

00000000004005d0 <_start>:
  4005d0:	31 ed                	xor    %ebp,%ebp
  4005d2:	49 89 d1             	mov    %rdx,%r9
  4005d5:	5e                   	pop    %rsi
  4005d6:	48 89 e2             	mov    %rsp,%rdx
  4005d9:	48 83 e4 f0          	and    $0xfffffffffffffff0,%rsp
  4005dd:	50                   	push   %rax
  4005de:	54                   	push   %rsp
  4005df:	49 c7 c0 20 08 40 00 	mov    $0x400820,%r8
  4005e6:	48 c7 c1 b0 07 40 00 	mov    $0x4007b0,%rcx
  4005ed:	48 c7 c7 bd 06 40 00 	mov    $0x4006bd,%rdi
  4005f4:	e8 97 ff ff ff       	callq  400590 <__libc_start_main@plt>
  4005f9:	f4                   	hlt    
  4005fa:	66 0f 1f 44 00 00    	nopw   0x0(%rax,%rax,1)

0000000000400600 <deregister_tm_clones>:
  400600:	b8 6f 10 60 00       	mov    $0x60106f,%eax
  400605:	55                   	push   %rbp
  400606:	48 2d 68 10 60 00    	sub    $0x601068,%rax
  40060c:	48 83 f8 0e          	cmp    $0xe,%rax
  400610:	48 89 e5             	mov    %rsp,%rbp
  400613:	77 02                	ja     400617 <deregister_tm_clones+0x17>
  400615:	5d                   	pop    %rbp
  400616:	c3                   	retq   
  400617:	b8 00 00 00 00       	mov    $0x0,%eax
  40061c:	48 85 c0             	test   %rax,%rax
  40061f:	74 f4                	je     400615 <deregister_tm_clones+0x15>
  400621:	5d                   	pop    %rbp
  400622:	bf 68 10 60 00       	mov    $0x601068,%edi
  400627:	ff e0                	jmpq   *%rax
  400629:	0f 1f 80 00 00 00 00 	nopl   0x0(%rax)

0000000000400630 <register_tm_clones>:
  400630:	b8 68 10 60 00       	mov    $0x601068,%eax
  400635:	55                   	push   %rbp
  400636:	48 2d 68 10 60 00    	sub    $0x601068,%rax
  40063c:	48 c1 f8 03          	sar    $0x3,%rax
  400640:	48 89 e5             	mov    %rsp,%rbp
  400643:	48 89 c2             	mov    %rax,%rdx
  400646:	48 c1 ea 3f          	shr    $0x3f,%rdx
  40064a:	48 01 d0             	add    %rdx,%rax
  40064d:	48 d1 f8             	sar    %rax
  400650:	75 02                	jne    400654 <register_tm_clones+0x24>
  400652:	5d                   	pop    %rbp
  400653:	c3                   	retq   
  400654:	ba 00 00 00 00       	mov    $0x0,%edx
  400659:	48 85 d2             	test   %rdx,%rdx
  40065c:	74 f4                	je     400652 <register_tm_clones+0x22>
  40065e:	5d                   	pop    %rbp
  40065f:	48 89 c6             	mov    %rax,%rsi
  400662:	bf 68 10 60 00       	mov    $0x601068,%edi
  400667:	ff e2                	jmpq   *%rdx
  400669:	0f 1f 80 00 00 00 00 	nopl   0x0(%rax)

0000000000400670 <__do_global_dtors_aux>:
  400670:	80 3d f1 09 20 00 00 	cmpb   $0x0,0x2009f1(%rip)        # 601068 <__TMC_END__>
  400677:	75 11                	jne    40068a <__do_global_dtors_aux+0x1a>
  400679:	55                   	push   %rbp
  40067a:	48 89 e5             	mov    %rsp,%rbp
  40067d:	e8 7e ff ff ff       	callq  400600 <deregister_tm_clones>
  400682:	5d                   	pop    %rbp
  400683:	c6 05 de 09 20 00 01 	movb   $0x1,0x2009de(%rip)        # 601068 <__TMC_END__>
  40068a:	f3 c3                	repz retq 
  40068c:	0f 1f 40 00          	nopl   0x0(%rax)

0000000000400690 <frame_dummy>:
  400690:	48 83 3d 88 07 20 00 	cmpq   $0x0,0x200788(%rip)        # 600e20 <__JCR_END__>
  400697:	00 
  400698:	74 1e                	je     4006b8 <frame_dummy+0x28>
  40069a:	b8 00 00 00 00       	mov    $0x0,%eax
  40069f:	48 85 c0             	test   %rax,%rax
  4006a2:	74 14                	je     4006b8 <frame_dummy+0x28>
  4006a4:	55                   	push   %rbp
  4006a5:	bf 20 0e 60 00       	mov    $0x600e20,%edi
  4006aa:	48 89 e5             	mov    %rsp,%rbp
  4006ad:	ff d0                	callq  *%rax
  4006af:	5d                   	pop    %rbp
  4006b0:	e9 7b ff ff ff       	jmpq   400630 <register_tm_clones>
  4006b5:	0f 1f 00             	nopl   (%rax)
  4006b8:	e9 73 ff ff ff       	jmpq   400630 <register_tm_clones>

00000000004006bd <main>:
  4006bd:	55                   	push   %rbp
  4006be:	48 89 e5             	mov    %rsp,%rbp
  4006c1:	53                   	push   %rbx
  4006c2:	48 81 ec 98 00 00 00 	sub    $0x98,%rsp
  4006c9:	64 48 8b 04 25 28 00 	mov    %fs:0x28,%rax
  4006d0:	00 00 
  4006d2:	48 89 45 e8          	mov    %rax,-0x18(%rbp)
  4006d6:	31 c0                	xor    %eax,%eax
  4006d8:	48 8d 95 70 ff ff ff 	lea    -0x90(%rbp),%rdx
  4006df:	b8 00 00 00 00       	mov    $0x0,%eax
  4006e4:	b9 0d 00 00 00       	mov    $0xd,%ecx
  4006e9:	48 89 d7             	mov    %rdx,%rdi
  4006ec:	f3 48 ab             	rep stos %rax,%es:(%rdi)
  4006ef:	48 89 fa             	mov    %rdi,%rdx
  4006f2:	89 02                	mov    %eax,(%rdx)
  4006f4:	48 83 c2 04          	add    $0x4,%rdx
  4006f8:	66 89 02             	mov    %ax,(%rdx)
  4006fb:	48 83 c2 02          	add    $0x2,%rdx
  4006ff:	be 34 08 40 00       	mov    $0x400834,%esi
  400704:	bf 37 08 40 00       	mov    $0x400837,%edi
  400709:	e8 a2 fe ff ff       	callq  4005b0 <fopen@plt>
  40070e:	48 89 85 60 ff ff ff 	mov    %rax,-0xa0(%rbp)
  400715:	48 83 bd 60 ff ff ff 	cmpq   $0x0,-0xa0(%rbp)
  40071c:	00 
  40071d:	75 02                	jne    400721 <main+0x64>
  40071f:	eb 64                	jmp    400785 <main+0xc8>
  400721:	48 8b 95 60 ff ff ff 	mov    -0xa0(%rbp),%rdx
  400728:	48 8d 85 70 ff ff ff 	lea    -0x90(%rbp),%rax
  40072f:	48 89 d1             	mov    %rdx,%rcx
  400732:	ba 64 00 00 00       	mov    $0x64,%edx
  400737:	be 01 00 00 00       	mov    $0x1,%esi
  40073c:	48 89 c7             	mov    %rax,%rdi
  40073f:	e8 1c fe ff ff       	callq  400560 <fread@plt>
  400744:	48 89 85 68 ff ff ff 	mov    %rax,-0x98(%rbp)
  40074b:	48 83 bd 68 ff ff ff 	cmpq   $0x64,-0x98(%rbp)
  400752:	64 
  400753:	74 02                	je     400757 <main+0x9a>
  400755:	eb 2e                	jmp    400785 <main+0xc8>
  400757:	48 8b 85 60 ff ff ff 	mov    -0xa0(%rbp),%rax
  40075e:	48 89 c7             	mov    %rax,%rdi
  400761:	e8 0a fe ff ff       	callq  400570 <fclose@plt>
  400766:	48 8d 85 70 ff ff ff 	lea    -0x90(%rbp),%rax
  40076d:	ff d0                	callq  *%rax
  40076f:	b8 00 00 00 00       	mov    $0x0,%eax
  400774:	48 8b 5d e8          	mov    -0x18(%rbp),%rbx
  400778:	64 48 33 1c 25 28 00 	xor    %fs:0x28,%rbx
  40077f:	00 00 
  400781:	74 1b                	je     40079e <main+0xe1>
  400783:	eb 14                	jmp    400799 <main+0xdc>
  400785:	bf 3f 08 40 00       	mov    $0x40083f,%edi
  40078a:	e8 c1 fd ff ff       	callq  400550 <puts@plt>
  40078f:	bf 01 00 00 00       	mov    $0x1,%edi
  400794:	e8 27 fe ff ff       	callq  4005c0 <exit@plt>
  400799:	e8 e2 fd ff ff       	callq  400580 <__stack_chk_fail@plt>
  40079e:	48 81 c4 98 00 00 00 	add    $0x98,%rsp
  4007a5:	5b                   	pop    %rbx
  4007a6:	5d                   	pop    %rbp
  4007a7:	c3                   	retq   
  4007a8:	0f 1f 84 00 00 00 00 	nopl   0x0(%rax,%rax,1)
  4007af:	00 

00000000004007b0 <__libc_csu_init>:
  4007b0:	41 57                	push   %r15
  4007b2:	41 89 ff             	mov    %edi,%r15d
  4007b5:	41 56                	push   %r14
  4007b7:	49 89 f6             	mov    %rsi,%r14
  4007ba:	41 55                	push   %r13
  4007bc:	49 89 d5             	mov    %rdx,%r13
  4007bf:	41 54                	push   %r12
  4007c1:	4c 8d 25 48 06 20 00 	lea    0x200648(%rip),%r12        # 600e10 <__frame_dummy_init_array_entry>
  4007c8:	55                   	push   %rbp
  4007c9:	48 8d 2d 48 06 20 00 	lea    0x200648(%rip),%rbp        # 600e18 <__init_array_end>
  4007d0:	53                   	push   %rbx
  4007d1:	4c 29 e5             	sub    %r12,%rbp
  4007d4:	31 db                	xor    %ebx,%ebx
  4007d6:	48 c1 fd 03          	sar    $0x3,%rbp
  4007da:	48 83 ec 08          	sub    $0x8,%rsp
  4007de:	e8 3d fd ff ff       	callq  400520 <_init>
  4007e3:	48 85 ed             	test   %rbp,%rbp
  4007e6:	74 1e                	je     400806 <__libc_csu_init+0x56>
  4007e8:	0f 1f 84 00 00 00 00 	nopl   0x0(%rax,%rax,1)
  4007ef:	00 
  4007f0:	4c 89 ea             	mov    %r13,%rdx
  4007f3:	4c 89 f6             	mov    %r14,%rsi
  4007f6:	44 89 ff             	mov    %r15d,%edi
  4007f9:	41 ff 14 dc          	callq  *(%r12,%rbx,8)
  4007fd:	48 83 c3 01          	add    $0x1,%rbx
  400801:	48 39 eb             	cmp    %rbp,%rbx
  400804:	75 ea                	jne    4007f0 <__libc_csu_init+0x40>
  400806:	48 83 c4 08          	add    $0x8,%rsp
  40080a:	5b                   	pop    %rbx
  40080b:	5d                   	pop    %rbp
  40080c:	41 5c                	pop    %r12
  40080e:	41 5d                	pop    %r13
  400810:	41 5e                	pop    %r14
  400812:	41 5f                	pop    %r15
  400814:	c3                   	retq   
  400815:	66 66 2e 0f 1f 84 00 	data32 nopw %cs:0x0(%rax,%rax,1)
  40081c:	00 00 00 00 

0000000000400820 <__libc_csu_fini>:
  400820:	f3 c3                	repz retq 

Disassembly of section .fini:

0000000000400824 <_fini>:
  400824:	48 83 ec 08          	sub    $0x8,%rsp
  400828:	48 83 c4 08          	add    $0x8,%rsp
  40082c:	c3                   	retq   
